<?xml version="1.0" encoding="UTF-8"?>
<testsuite xmlns:xsi="http://www.w3.org/2001/XMLSchema-instance" xsi:noNamespaceSchemaLocation="https://maven.apache.org/surefire/maven-surefire-plugin/xsd/surefire-test-report.xsd" version="3.0.2" name="es.codeurjc.web.nitflex.integration.FilmServiceIntegrationTest" time="0.186" tests="2" errors="0" skipped="0" failures="0">
  <properties>
[...]
</properties>
  <testcase name="testUpdateFilmTitleAndSynopsis" classname="es.codeurjc.web.nitflex.integration.FilmServiceIntegrationTest" time="0.102">
    <system-out><![CDATA[2025-03-30T19:35:14.571+02:00  INFO 12104 --- [           main] t.c.s.AnnotationConfigContextLoaderUtils : Could not detect default configuration classes for test class [es.codeurjc.web.nitflex.integration.FilmServiceIntegrationTest]: FilmServiceIntegrationTest does not declare any static, non-private, non-final, nested classes annotated with @Configuration.
2025-03-30T19:35:14.595+02:00  INFO 12104 --- [           main] .b.t.c.SpringBootTestContextBootstrapper : Found @SpringBootConfiguration es.codeurjc.web.nitflex.Application for test class es.codeurjc.web.nitflex.integration.FilmServiceIntegrationTest
]]></system-out>
  </testcase>
  <testcase name="testAddFilmWithValidTitle" classname="es.codeurjc.web.nitflex.integration.FilmServiceIntegrationTest" time="0.035"/>
</testsuite>